2023-09-19 17:26:50.259 [info] Log level: Info
2023-09-19 17:26:50.259 [info] Validating found git in: "git"
2023-09-19 17:26:50.355 [info] Using git "2.34.1" from "git"
2023-09-19 17:27:13.360 [info] Log level: Info
2023-09-19 17:27:13.360 [info] Validating found git in: "git"
2023-09-19 17:27:13.360 [info] Using git "2.34.1" from "git"
2023-09-19 17:27:13.370 [info] > git rev-parse --show-toplevel [19ms]
2023-09-19 17:27:13.380 [info] > git rev-parse --git-dir --git-common-dir [1ms]
2023-09-19 17:27:13.399 [info] Open repository: /home/user/webpages_tech/about_me
2023-09-19 17:27:13.454 [info] > git rev-parse --show-toplevel [16ms]
2023-09-19 17:27:13.455 [info] > git config --get commit.template [26ms]
2023-09-19 17:27:13.492 [info] > git rev-parse --show-toplevel [12ms]
2023-09-19 17:27:13.515 [info] > git rev-parse --show-toplevel [13ms]
2023-09-19 17:27:13.545 [info] > git for-each-ref --format=%(refname)%00%(upstream:short)%00%(objectname)%00%(upstream:track)%00%(upstream:remotename)%00%(upstream:remoteref) refs/heads/main refs/remotes/main [55ms]
2023-09-19 17:27:13.580 [info] > git status -z -uall [26ms]
2023-09-19 17:27:13.620 [info] > git config --get commit.template [14ms]
2023-09-19 17:27:13.632 [info] > git for-each-ref --format=%(refname)%00%(upstream:short)%00%(objectname)%00%(upstream:track)%00%(upstream:remotename)%00%(upstream:remoteref) refs/heads/main refs/remotes/main [18ms]
2023-09-19 17:27:13.654 [info] > git status -z -uall [8ms]
2023-09-19 17:27:13.974 [info] > git check-ignore -v -z --stdin [4ms]
2023-09-19 17:27:15.930 [info] > git config --get commit.template [127ms]
2023-09-19 17:27:16.073 [info] > git for-each-ref --format=%(refname)%00%(upstream:short)%00%(objectname)%00%(upstream:track)%00%(upstream:remotename)%00%(upstream:remoteref) refs/heads/main refs/remotes/main [33ms]
2023-09-19 17:27:16.219 [info] > git status -z -uall [88ms]
2023-09-19 17:27:16.220 [info] > git show --textconv :index.html [62ms]
2023-09-19 17:27:16.249 [info] > git ls-files --stage -- /home/user/webpages_tech/about_me/index.html [33ms]
2023-09-19 17:27:16.315 [info] > git cat-file -s 0b3feefe5a306550de27a3327dc6f1cf9c069918 [33ms]
2023-09-19 17:27:17.624 [info] > git ls-files --stage -- /home/user/webpages_tech/about_me/style.css [36ms]
2023-09-19 17:27:17.646 [info] > git show --textconv :style.css [81ms]
2023-09-19 17:27:17.675 [info] > git cat-file -s ce8c3c84c70b90b706aa52a67bbb8bc01b9c72e3 [29ms]
2023-09-19 17:27:21.288 [info] > git config --get commit.template [27ms]
2023-09-19 17:27:21.293 [info] > git for-each-ref --format=%(refname)%00%(upstream:short)%00%(objectname)%00%(upstream:track)%00%(upstream:remotename)%00%(upstream:remoteref) refs/heads/main refs/remotes/main [7ms]
2023-09-19 17:27:21.313 [info] > git status -z -uall [7ms]
2023-09-19 17:27:27.766 [info] > git config --get commit.template [9ms]
2023-09-19 17:27:27.769 [info] > git for-each-ref --format=%(refname)%00%(upstream:short)%00%(objectname)%00%(upstream:track)%00%(upstream:remotename)%00%(upstream:remoteref) refs/heads/main refs/remotes/main [4ms]
2023-09-19 17:27:27.786 [info] > git status -z -uall [6ms]
2023-09-19 17:27:33.694 [info] > git config --get commit.template [32ms]
2023-09-19 17:27:33.695 [info] > git for-each-ref --format=%(refname)%00%(upstream:short)%00%(objectname)%00%(upstream:track)%00%(upstream:remotename)%00%(upstream:remoteref) refs/heads/main refs/remotes/main [7ms]
2023-09-19 17:27:33.725 [info] > git status -z -uall [14ms]
2023-09-19 17:27:38.851 [info] > git config --get commit.template [34ms]
2023-09-19 17:27:38.864 [info] > git for-each-ref --format=%(refname)%00%(upstream:short)%00%(objectname)%00%(upstream:track)%00%(upstream:remotename)%00%(upstream:remoteref) refs/heads/main refs/remotes/main [16ms]
2023-09-19 17:27:38.924 [info] > git status -z -uall [40ms]
2023-09-19 17:27:44.060 [info] > git config --get commit.template [2ms]
2023-09-19 17:27:44.076 [info] > git for-each-ref --format=%(refname)%00%(upstream:short)%00%(objectname)%00%(upstream:track)%00%(upstream:remotename)%00%(upstream:remoteref) refs/heads/main refs/remotes/main [4ms]
2023-09-19 17:27:44.090 [info] > git status -z -uall [4ms]
2023-09-19 17:27:49.138 [info] > git config --get commit.template [15ms]
2023-09-19 17:27:49.139 [info] > git for-each-ref --format=%(refname)%00%(upstream:short)%00%(objectname)%00%(upstream:track)%00%(upstream:remotename)%00%(upstream:remoteref) refs/heads/main refs/remotes/main [2ms]
2023-09-19 17:27:49.169 [info] > git status -z -uall [21ms]
2023-09-19 17:27:54.247 [info] > git config --get commit.template [11ms]
2023-09-19 17:27:54.251 [info] > git for-each-ref --format=%(refname)%00%(upstream:short)%00%(objectname)%00%(upstream:track)%00%(upstream:remotename)%00%(upstream:remoteref) refs/heads/main refs/remotes/main [4ms]
2023-09-19 17:27:54.273 [info] > git status -z -uall [8ms]
2023-09-19 17:27:59.310 [info] > git config --get commit.template [11ms]
2023-09-19 17:27:59.313 [info] > git for-each-ref --format=%(refname)%00%(upstream:short)%00%(objectname)%00%(upstream:track)%00%(upstream:remotename)%00%(upstream:remoteref) refs/heads/main refs/remotes/main [4ms]
2023-09-19 17:27:59.327 [info] > git status -z -uall [8ms]
2023-09-19 17:28:04.363 [info] > git config --get commit.template [16ms]
2023-09-19 17:28:04.364 [info] > git for-each-ref --format=%(refname)%00%(upstream:short)%00%(objectname)%00%(upstream:track)%00%(upstream:remotename)%00%(upstream:remoteref) refs/heads/main refs/remotes/main [3ms]
2023-09-19 17:28:04.378 [info] > git status -z -uall [6ms]
2023-09-19 17:28:09.447 [info] > git config --get commit.template [13ms]
2023-09-19 17:28:09.456 [info] > git for-each-ref --format=%(refname)%00%(upstream:short)%00%(objectname)%00%(upstream:track)%00%(upstream:remotename)%00%(upstream:remoteref) refs/heads/main refs/remotes/main [10ms]
2023-09-19 17:28:09.484 [info] > git status -z -uall [8ms]
2023-09-19 17:28:47.766 [info] > git config --get commit.template [19ms]
2023-09-19 17:28:47.777 [info] > git for-each-ref --format=%(refname)%00%(upstream:short)%00%(objectname)%00%(upstream:track)%00%(upstream:remotename)%00%(upstream:remoteref) refs/heads/main refs/remotes/main [12ms]
2023-09-19 17:28:47.800 [info] > git status -z -uall [8ms]
2023-09-19 17:28:52.837 [info] > git config --get commit.template [1ms]
2023-09-19 17:28:52.849 [info] > git for-each-ref --format=%(refname)%00%(upstream:short)%00%(objectname)%00%(upstream:track)%00%(upstream:remotename)%00%(upstream:remoteref) refs/heads/main refs/remotes/main [1ms]
2023-09-19 17:28:52.861 [info] > git status -z -uall [6ms]
2023-09-19 17:28:53.801 [info] > git show --textconv :index.html [90ms]
2023-09-19 17:28:53.822 [info] > git ls-files --stage -- /home/user/webpages_tech/about_me/index.html [21ms]
2023-09-19 17:28:53.850 [info] > git cat-file -s 0b3feefe5a306550de27a3327dc6f1cf9c069918 [14ms]
2023-09-19 17:28:57.895 [info] > git config --get commit.template [8ms]
2023-09-19 17:28:57.897 [info] > git for-each-ref --format=%(refname)%00%(upstream:short)%00%(objectname)%00%(upstream:track)%00%(upstream:remotename)%00%(upstream:remoteref) refs/heads/main refs/remotes/main [4ms]
2023-09-19 17:28:57.908 [info] > git status -z -uall [6ms]
2023-09-19 17:29:02.937 [info] > git config --get commit.template [7ms]
2023-09-19 17:29:02.940 [info] > git for-each-ref --format=%(refname)%00%(upstream:short)%00%(objectname)%00%(upstream:track)%00%(upstream:remotename)%00%(upstream:remoteref) refs/heads/main refs/remotes/main [3ms]
2023-09-19 17:29:02.952 [info] > git status -z -uall [6ms]
2023-09-19 17:29:07.977 [info] > git config --get commit.template [8ms]
2023-09-19 17:29:07.982 [info] > git for-each-ref --format=%(refname)%00%(upstream:short)%00%(objectname)%00%(upstream:track)%00%(upstream:remotename)%00%(upstream:remoteref) refs/heads/main refs/remotes/main [6ms]
2023-09-19 17:29:07.994 [info] > git status -z -uall [4ms]
2023-09-19 18:01:14.875 [info] > git config --get commit.template [21ms]
2023-09-19 18:01:14.882 [info] > git for-each-ref --format=%(refname)%00%(upstream:short)%00%(objectname)%00%(upstream:track)%00%(upstream:remotename)%00%(upstream:remoteref) refs/heads/main refs/remotes/main [14ms]
2023-09-19 18:01:14.908 [info] > git status -z -uall [18ms]
2023-09-19 18:01:19.982 [info] > git config --get commit.template [5ms]
2023-09-19 18:01:19.985 [info] > git for-each-ref --format=%(refname)%00%(upstream:short)%00%(objectname)%00%(upstream:track)%00%(upstream:remotename)%00%(upstream:remoteref) refs/heads/main refs/remotes/main [4ms]
2023-09-19 18:01:19.996 [info] > git status -z -uall [5ms]
2023-09-19 18:01:21.354 [info] > git show --textconv :style.css [19ms]
2023-09-19 18:01:21.376 [info] > git ls-files --stage -- /home/user/webpages_tech/about_me/style.css [23ms]
2023-09-19 18:01:21.474 [info] > git cat-file -s ce8c3c84c70b90b706aa52a67bbb8bc01b9c72e3 [47ms]
2023-09-19 18:01:25.032 [info] > git config --get commit.template [9ms]
2023-09-19 18:01:25.034 [info] > git for-each-ref --format=%(refname)%00%(upstream:short)%00%(objectname)%00%(upstream:track)%00%(upstream:remotename)%00%(upstream:remoteref) refs/heads/main refs/remotes/main [6ms]
2023-09-19 18:01:25.046 [info] > git status -z -uall [4ms]
2023-09-19 18:01:30.077 [info] > git config --get commit.template [8ms]
2023-09-19 18:01:30.079 [info] > git for-each-ref --format=%(refname)%00%(upstream:short)%00%(objectname)%00%(upstream:track)%00%(upstream:remotename)%00%(upstream:remoteref) refs/heads/main refs/remotes/main [2ms]
2023-09-19 18:01:30.088 [info] > git status -z -uall [3ms]
2023-09-19 18:01:35.112 [info] > git config --get commit.template [8ms]
2023-09-19 18:01:35.116 [info] > git for-each-ref --format=%(refname)%00%(upstream:short)%00%(objectname)%00%(upstream:track)%00%(upstream:remotename)%00%(upstream:remoteref) refs/heads/main refs/remotes/main [5ms]
2023-09-19 18:01:35.128 [info] > git status -z -uall [5ms]
2023-09-19 18:02:13.146 [info] > git config --get commit.template [20ms]
2023-09-19 18:02:13.150 [info] > git for-each-ref --format=%(refname)%00%(upstream:short)%00%(objectname)%00%(upstream:track)%00%(upstream:remotename)%00%(upstream:remoteref) refs/heads/main refs/remotes/main [16ms]
2023-09-19 18:02:13.163 [info] > git status -z -uall [8ms]
2023-09-19 18:02:22.388 [info] > git config --get commit.template [1ms]
2023-09-19 18:02:22.430 [info] > git for-each-ref --format=%(refname)%00%(upstream:short)%00%(objectname)%00%(upstream:track)%00%(upstream:remotename)%00%(upstream:remoteref) refs/heads/main refs/remotes/main [2ms]
2023-09-19 18:02:22.445 [info] > git status -z -uall [4ms]
2023-09-19 18:02:27.498 [info] > git config --get commit.template [9ms]
2023-09-19 18:02:27.501 [info] > git for-each-ref --format=%(refname)%00%(upstream:short)%00%(objectname)%00%(upstream:track)%00%(upstream:remotename)%00%(upstream:remoteref) refs/heads/main refs/remotes/main [5ms]
2023-09-19 18:02:27.513 [info] > git status -z -uall [2ms]
2023-09-19 18:02:32.538 [info] > git config --get commit.template [5ms]
2023-09-19 18:02:32.540 [info] > git for-each-ref --format=%(refname)%00%(upstream:short)%00%(objectname)%00%(upstream:track)%00%(upstream:remotename)%00%(upstream:remoteref) refs/heads/main refs/remotes/main [2ms]
2023-09-19 18:02:32.550 [info] > git status -z -uall [5ms]
2023-09-19 18:02:37.587 [info] > git config --get commit.template [6ms]
2023-09-19 18:02:37.588 [info] > git for-each-ref --format=%(refname)%00%(upstream:short)%00%(objectname)%00%(upstream:track)%00%(upstream:remotename)%00%(upstream:remoteref) refs/heads/main refs/remotes/main [2ms]
2023-09-19 18:02:37.612 [info] > git status -z -uall [7ms]
2023-09-19 18:02:42.646 [info] > git config --get commit.template [8ms]
2023-09-19 18:02:42.648 [info] > git for-each-ref --format=%(refname)%00%(upstream:short)%00%(objectname)%00%(upstream:track)%00%(upstream:remotename)%00%(upstream:remoteref) refs/heads/main refs/remotes/main [2ms]
2023-09-19 18:02:42.656 [info] > git status -z -uall [3ms]
2023-09-19 18:02:47.685 [info] > git config --get commit.template [9ms]
2023-09-19 18:02:47.686 [info] > git for-each-ref --format=%(refname)%00%(upstream:short)%00%(objectname)%00%(upstream:track)%00%(upstream:remotename)%00%(upstream:remoteref) refs/heads/main refs/remotes/main [4ms]
2023-09-19 18:02:47.696 [info] > git status -z -uall [4ms]
2023-09-19 18:02:52.718 [info] > git config --get commit.template [5ms]
2023-09-19 18:02:52.723 [info] > git for-each-ref --format=%(refname)%00%(upstream:short)%00%(objectname)%00%(upstream:track)%00%(upstream:remotename)%00%(upstream:remoteref) refs/heads/main refs/remotes/main [5ms]
2023-09-19 18:02:52.731 [info] > git status -z -uall [4ms]
2023-09-19 18:02:57.757 [info] > git config --get commit.template [7ms]
2023-09-19 18:02:57.761 [info] > git for-each-ref --format=%(refname)%00%(upstream:short)%00%(objectname)%00%(upstream:track)%00%(upstream:remotename)%00%(upstream:remoteref) refs/heads/main refs/remotes/main [4ms]
2023-09-19 18:02:57.771 [info] > git status -z -uall [5ms]
2023-09-19 18:03:02.794 [info] > git config --get commit.template [6ms]
2023-09-19 18:03:02.799 [info] > git for-each-ref --format=%(refname)%00%(upstream:short)%00%(objectname)%00%(upstream:track)%00%(upstream:remotename)%00%(upstream:remoteref) refs/heads/main refs/remotes/main [4ms]
2023-09-19 18:03:02.807 [info] > git status -z -uall [3ms]
2023-09-19 18:03:07.828 [info] > git config --get commit.template [5ms]
2023-09-19 18:03:07.831 [info] > git for-each-ref --format=%(refname)%00%(upstream:short)%00%(objectname)%00%(upstream:track)%00%(upstream:remotename)%00%(upstream:remoteref) refs/heads/main refs/remotes/main [4ms]
2023-09-19 18:03:07.840 [info] > git status -z -uall [4ms]
2023-09-19 18:03:12.861 [info] > git config --get commit.template [4ms]
2023-09-19 18:03:12.864 [info] > git for-each-ref --format=%(refname)%00%(upstream:short)%00%(objectname)%00%(upstream:track)%00%(upstream:remotename)%00%(upstream:remoteref) refs/heads/main refs/remotes/main [3ms]
2023-09-19 18:03:12.874 [info] > git status -z -uall [4ms]
2023-09-19 18:03:17.894 [info] > git config --get commit.template [6ms]
2023-09-19 18:03:17.897 [info] > git for-each-ref --format=%(refname)%00%(upstream:short)%00%(objectname)%00%(upstream:track)%00%(upstream:remotename)%00%(upstream:remoteref) refs/heads/main refs/remotes/main [3ms]
2023-09-19 18:03:17.905 [info] > git status -z -uall [3ms]
2023-09-19 18:03:22.936 [info] > git config --get commit.template [8ms]
2023-09-19 18:03:22.938 [info] > git for-each-ref --format=%(refname)%00%(upstream:short)%00%(objectname)%00%(upstream:track)%00%(upstream:remotename)%00%(upstream:remoteref) refs/heads/main refs/remotes/main [2ms]
2023-09-19 18:03:22.946 [info] > git status -z -uall [3ms]
2023-09-19 18:03:27.980 [info] > git config --get commit.template [8ms]
2023-09-19 18:03:27.980 [info] > git for-each-ref --format=%(refname)%00%(upstream:short)%00%(objectname)%00%(upstream:track)%00%(upstream:remotename)%00%(upstream:remoteref) refs/heads/main refs/remotes/main [1ms]
2023-09-19 18:03:27.989 [info] > git status -z -uall [2ms]
2023-09-19 18:03:33.024 [info] > git config --get commit.template [5ms]
2023-09-19 18:03:33.026 [info] > git for-each-ref --format=%(refname)%00%(upstream:short)%00%(objectname)%00%(upstream:track)%00%(upstream:remotename)%00%(upstream:remoteref) refs/heads/main refs/remotes/main [2ms]
2023-09-19 18:03:33.035 [info] > git status -z -uall [3ms]
2023-09-19 18:03:38.061 [info] > git config --get commit.template [5ms]
2023-09-19 18:03:38.064 [info] > git for-each-ref --format=%(refname)%00%(upstream:short)%00%(objectname)%00%(upstream:track)%00%(upstream:remotename)%00%(upstream:remoteref) refs/heads/main refs/remotes/main [4ms]
2023-09-19 18:03:38.075 [info] > git status -z -uall [5ms]
2023-09-19 18:03:43.102 [info] > git config --get commit.template [6ms]
2023-09-19 18:03:43.106 [info] > git for-each-ref --format=%(refname)%00%(upstream:short)%00%(objectname)%00%(upstream:track)%00%(upstream:remotename)%00%(upstream:remoteref) refs/heads/main refs/remotes/main [5ms]
2023-09-19 18:03:43.115 [info] > git status -z -uall [4ms]
2023-09-19 18:03:48.140 [info] > git config --get commit.template [6ms]
2023-09-19 18:03:48.143 [info] > git for-each-ref --format=%(refname)%00%(upstream:short)%00%(objectname)%00%(upstream:track)%00%(upstream:remotename)%00%(upstream:remoteref) refs/heads/main refs/remotes/main [4ms]
2023-09-19 18:03:48.152 [info] > git status -z -uall [3ms]
2023-09-19 18:03:53.179 [info] > git config --get commit.template [6ms]
2023-09-19 18:03:53.181 [info] > git for-each-ref --format=%(refname)%00%(upstream:short)%00%(objectname)%00%(upstream:track)%00%(upstream:remotename)%00%(upstream:remoteref) refs/heads/main refs/remotes/main [2ms]
2023-09-19 18:03:53.192 [info] > git status -z -uall [4ms]
2023-09-19 18:03:58.209 [info] > git config --get commit.template [6ms]
2023-09-19 18:03:58.212 [info] > git for-each-ref --format=%(refname)%00%(upstream:short)%00%(objectname)%00%(upstream:track)%00%(upstream:remotename)%00%(upstream:remoteref) refs/heads/main refs/remotes/main [3ms]
2023-09-19 18:03:58.225 [info] > git status -z -uall [3ms]
2023-09-19 18:04:03.256 [info] > git config --get commit.template [6ms]
2023-09-19 18:04:03.258 [info] > git for-each-ref --format=%(refname)%00%(upstream:short)%00%(objectname)%00%(upstream:track)%00%(upstream:remotename)%00%(upstream:remoteref) refs/heads/main refs/remotes/main [3ms]
2023-09-19 18:04:03.271 [info] > git status -z -uall [5ms]
2023-09-19 18:04:08.301 [info] > git config --get commit.template [5ms]
2023-09-19 18:04:08.304 [info] > git for-each-ref --format=%(refname)%00%(upstream:short)%00%(objectname)%00%(upstream:track)%00%(upstream:remotename)%00%(upstream:remoteref) refs/heads/main refs/remotes/main [4ms]
2023-09-19 18:04:08.312 [info] > git status -z -uall [4ms]
2023-09-19 18:04:13.335 [info] > git config --get commit.template [6ms]
2023-09-19 18:04:13.337 [info] > git for-each-ref --format=%(refname)%00%(upstream:short)%00%(objectname)%00%(upstream:track)%00%(upstream:remotename)%00%(upstream:remoteref) refs/heads/main refs/remotes/main [3ms]
2023-09-19 18:04:13.346 [info] > git status -z -uall [3ms]
2023-09-19 18:04:18.368 [info] > git config --get commit.template [7ms]
2023-09-19 18:04:18.371 [info] > git for-each-ref --format=%(refname)%00%(upstream:short)%00%(objectname)%00%(upstream:track)%00%(upstream:remotename)%00%(upstream:remoteref) refs/heads/main refs/remotes/main [3ms]
2023-09-19 18:04:18.380 [info] > git status -z -uall [4ms]
2023-09-19 18:04:23.403 [info] > git config --get commit.template [6ms]
2023-09-19 18:04:23.406 [info] > git for-each-ref --format=%(refname)%00%(upstream:short)%00%(objectname)%00%(upstream:track)%00%(upstream:remotename)%00%(upstream:remoteref) refs/heads/main refs/remotes/main [3ms]
2023-09-19 18:04:23.418 [info] > git status -z -uall [5ms]
2023-09-19 18:04:28.445 [info] > git config --get commit.template [5ms]
2023-09-19 18:04:28.447 [info] > git for-each-ref --format=%(refname)%00%(upstream:short)%00%(objectname)%00%(upstream:track)%00%(upstream:remotename)%00%(upstream:remoteref) refs/heads/main refs/remotes/main [2ms]
2023-09-19 18:04:28.456 [info] > git status -z -uall [4ms]
2023-09-19 18:04:33.475 [info] > git config --get commit.template [6ms]
2023-09-19 18:04:33.477 [info] > git for-each-ref --format=%(refname)%00%(upstream:short)%00%(objectname)%00%(upstream:track)%00%(upstream:remotename)%00%(upstream:remoteref) refs/heads/main refs/remotes/main [3ms]
2023-09-19 18:04:33.485 [info] > git status -z -uall [4ms]
2023-09-19 18:04:38.507 [info] > git config --get commit.template [7ms]
2023-09-19 18:04:38.510 [info] > git for-each-ref --format=%(refname)%00%(upstream:short)%00%(objectname)%00%(upstream:track)%00%(upstream:remotename)%00%(upstream:remoteref) refs/heads/main refs/remotes/main [4ms]
2023-09-19 18:04:38.522 [info] > git status -z -uall [4ms]
2023-09-19 18:04:43.548 [info] > git config --get commit.template [5ms]
2023-09-19 18:04:43.552 [info] > git for-each-ref --format=%(refname)%00%(upstream:short)%00%(objectname)%00%(upstream:track)%00%(upstream:remotename)%00%(upstream:remoteref) refs/heads/main refs/remotes/main [5ms]
2023-09-19 18:04:43.561 [info] > git status -z -uall [4ms]
2023-09-19 18:04:48.583 [info] > git config --get commit.template [5ms]
2023-09-19 18:04:48.585 [info] > git for-each-ref --format=%(refname)%00%(upstream:short)%00%(objectname)%00%(upstream:track)%00%(upstream:remotename)%00%(upstream:remoteref) refs/heads/main refs/remotes/main [2ms]
2023-09-19 18:04:48.595 [info] > git status -z -uall [4ms]
2023-09-19 18:04:53.623 [info] > git config --get commit.template [5ms]
2023-09-19 18:04:53.625 [info] > git for-each-ref --format=%(refname)%00%(upstream:short)%00%(objectname)%00%(upstream:track)%00%(upstream:remotename)%00%(upstream:remoteref) refs/heads/main refs/remotes/main [2ms]
2023-09-19 18:04:53.634 [info] > git status -z -uall [4ms]
2023-09-19 18:04:58.660 [info] > git config --get commit.template [5ms]
2023-09-19 18:04:58.664 [info] > git for-each-ref --format=%(refname)%00%(upstream:short)%00%(objectname)%00%(upstream:track)%00%(upstream:remotename)%00%(upstream:remoteref) refs/heads/main refs/remotes/main [3ms]
2023-09-19 18:04:58.672 [info] > git status -z -uall [3ms]
2023-09-19 18:05:03.694 [info] > git config --get commit.template [7ms]
2023-09-19 18:05:03.697 [info] > git for-each-ref --format=%(refname)%00%(upstream:short)%00%(objectname)%00%(upstream:track)%00%(upstream:remotename)%00%(upstream:remoteref) refs/heads/main refs/remotes/main [4ms]
2023-09-19 18:05:03.708 [info] > git status -z -uall [4ms]
2023-09-19 18:05:08.736 [info] > git config --get commit.template [6ms]
2023-09-19 18:05:08.741 [info] > git for-each-ref --format=%(refname)%00%(upstream:short)%00%(objectname)%00%(upstream:track)%00%(upstream:remotename)%00%(upstream:remoteref) refs/heads/main refs/remotes/main [5ms]
2023-09-19 18:05:08.749 [info] > git status -z -uall [4ms]
2023-09-19 18:05:13.769 [info] > git config --get commit.template [7ms]
2023-09-19 18:05:13.772 [info] > git for-each-ref --format=%(refname)%00%(upstream:short)%00%(objectname)%00%(upstream:track)%00%(upstream:remotename)%00%(upstream:remoteref) refs/heads/main refs/remotes/main [4ms]
2023-09-19 18:05:13.782 [info] > git status -z -uall [4ms]
2023-09-19 18:05:18.802 [info] > git config --get commit.template [6ms]
2023-09-19 18:05:18.806 [info] > git for-each-ref --format=%(refname)%00%(upstream:short)%00%(objectname)%00%(upstream:track)%00%(upstream:remotename)%00%(upstream:remoteref) refs/heads/main refs/remotes/main [5ms]
2023-09-19 18:05:18.816 [info] > git status -z -uall [4ms]
2023-09-19 18:05:23.844 [info] > git config --get commit.template [5ms]
2023-09-19 18:05:23.847 [info] > git for-each-ref --format=%(refname)%00%(upstream:short)%00%(objectname)%00%(upstream:track)%00%(upstream:remotename)%00%(upstream:remoteref) refs/heads/main refs/remotes/main [4ms]
2023-09-19 18:05:23.855 [info] > git status -z -uall [3ms]
2023-09-19 18:05:28.888 [info] > git config --get commit.template [5ms]
2023-09-19 18:05:28.891 [info] > git for-each-ref --format=%(refname)%00%(upstream:short)%00%(objectname)%00%(upstream:track)%00%(upstream:remotename)%00%(upstream:remoteref) refs/heads/main refs/remotes/main [3ms]
2023-09-19 18:05:28.899 [info] > git status -z -uall [3ms]
2023-09-19 18:05:33.922 [info] > git config --get commit.template [4ms]
2023-09-19 18:05:33.925 [info] > git for-each-ref --format=%(refname)%00%(upstream:short)%00%(objectname)%00%(upstream:track)%00%(upstream:remotename)%00%(upstream:remoteref) refs/heads/main refs/remotes/main [4ms]
2023-09-19 18:05:33.934 [info] > git status -z -uall [3ms]
2023-09-19 18:05:38.956 [info] > git config --get commit.template [6ms]
2023-09-19 18:05:38.962 [info] > git for-each-ref --format=%(refname)%00%(upstream:short)%00%(objectname)%00%(upstream:track)%00%(upstream:remotename)%00%(upstream:remoteref) refs/heads/main refs/remotes/main [5ms]
2023-09-19 18:05:38.972 [info] > git status -z -uall [4ms]
2023-09-19 18:05:43.996 [info] > git config --get commit.template [7ms]
2023-09-19 18:05:43.999 [info] > git for-each-ref --format=%(refname)%00%(upstream:short)%00%(objectname)%00%(upstream:track)%00%(upstream:remotename)%00%(upstream:remoteref) refs/heads/main refs/remotes/main [4ms]
2023-09-19 18:05:44.008 [info] > git status -z -uall [4ms]
2023-09-19 18:05:49.040 [info] > git config --get commit.template [5ms]
2023-09-19 18:05:49.042 [info] > git for-each-ref --format=%(refname)%00%(upstream:short)%00%(objectname)%00%(upstream:track)%00%(upstream:remotename)%00%(upstream:remoteref) refs/heads/main refs/remotes/main [3ms]
2023-09-19 18:05:49.052 [info] > git status -z -uall [4ms]
2023-09-19 18:05:54.072 [info] > git config --get commit.template [5ms]
2023-09-19 18:05:54.078 [info] > git for-each-ref --format=%(refname)%00%(upstream:short)%00%(objectname)%00%(upstream:track)%00%(upstream:remotename)%00%(upstream:remoteref) refs/heads/main refs/remotes/main [5ms]
2023-09-19 18:05:54.087 [info] > git status -z -uall [4ms]
2023-09-19 18:05:59.111 [info] > git config --get commit.template [6ms]
2023-09-19 18:05:59.113 [info] > git for-each-ref --format=%(refname)%00%(upstream:short)%00%(objectname)%00%(upstream:track)%00%(upstream:remotename)%00%(upstream:remoteref) refs/heads/main refs/remotes/main [2ms]
2023-09-19 18:05:59.122 [info] > git status -z -uall [3ms]
2023-09-19 18:06:04.149 [info] > git config --get commit.template [5ms]
2023-09-19 18:06:04.151 [info] > git for-each-ref --format=%(refname)%00%(upstream:short)%00%(objectname)%00%(upstream:track)%00%(upstream:remotename)%00%(upstream:remoteref) refs/heads/main refs/remotes/main [2ms]
2023-09-19 18:06:04.160 [info] > git status -z -uall [3ms]
2023-09-19 18:06:09.178 [info] > git config --get commit.template [5ms]
2023-09-19 18:06:09.182 [info] > git for-each-ref --format=%(refname)%00%(upstream:short)%00%(objectname)%00%(upstream:track)%00%(upstream:remotename)%00%(upstream:remoteref) refs/heads/main refs/remotes/main [4ms]
2023-09-19 18:06:09.191 [info] > git status -z -uall [4ms]
2023-09-19 18:06:14.208 [info] > git config --get commit.template [5ms]
2023-09-19 18:06:14.211 [info] > git for-each-ref --format=%(refname)%00%(upstream:short)%00%(objectname)%00%(upstream:track)%00%(upstream:remotename)%00%(upstream:remoteref) refs/heads/main refs/remotes/main [3ms]
2023-09-19 18:06:14.223 [info] > git status -z -uall [3ms]
2023-09-19 18:06:19.247 [info] > git config --get commit.template [6ms]
2023-09-19 18:06:19.250 [info] > git for-each-ref --format=%(refname)%00%(upstream:short)%00%(objectname)%00%(upstream:track)%00%(upstream:remotename)%00%(upstream:remoteref) refs/heads/main refs/remotes/main [3ms]
2023-09-19 18:06:19.258 [info] > git status -z -uall [3ms]
2023-09-19 18:06:24.286 [info] > git config --get commit.template [8ms]
2023-09-19 18:06:24.290 [info] > git for-each-ref --format=%(refname)%00%(upstream:short)%00%(objectname)%00%(upstream:track)%00%(upstream:remotename)%00%(upstream:remoteref) refs/heads/main refs/remotes/main [5ms]
2023-09-19 18:06:24.300 [info] > git status -z -uall [3ms]
2023-09-19 18:06:29.326 [info] > git config --get commit.template [6ms]
2023-09-19 18:06:29.328 [info] > git for-each-ref --format=%(refname)%00%(upstream:short)%00%(objectname)%00%(upstream:track)%00%(upstream:remotename)%00%(upstream:remoteref) refs/heads/main refs/remotes/main [3ms]
2023-09-19 18:06:29.337 [info] > git status -z -uall [4ms]
2023-09-19 18:06:34.360 [info] > git config --get commit.template [6ms]
2023-09-19 18:06:34.364 [info] > git for-each-ref --format=%(refname)%00%(upstream:short)%00%(objectname)%00%(upstream:track)%00%(upstream:remotename)%00%(upstream:remoteref) refs/heads/main refs/remotes/main [5ms]
2023-09-19 18:06:34.372 [info] > git status -z -uall [3ms]
2023-09-19 18:06:39.392 [info] > git config --get commit.template [5ms]
2023-09-19 18:06:39.394 [info] > git for-each-ref --format=%(refname)%00%(upstream:short)%00%(objectname)%00%(upstream:track)%00%(upstream:remotename)%00%(upstream:remoteref) refs/heads/main refs/remotes/main [2ms]
2023-09-19 18:06:39.404 [info] > git status -z -uall [3ms]
2023-09-19 18:06:44.426 [info] > git config --get commit.template [7ms]
2023-09-19 18:06:44.431 [info] > git for-each-ref --format=%(refname)%00%(upstream:short)%00%(objectname)%00%(upstream:track)%00%(upstream:remotename)%00%(upstream:remoteref) refs/heads/main refs/remotes/main [6ms]
2023-09-19 18:06:44.441 [info] > git status -z -uall [4ms]
2023-09-19 18:06:49.475 [info] > git config --get commit.template [5ms]
2023-09-19 18:06:49.477 [info] > git for-each-ref --format=%(refname)%00%(upstream:short)%00%(objectname)%00%(upstream:track)%00%(upstream:remotename)%00%(upstream:remoteref) refs/heads/main refs/remotes/main [2ms]
2023-09-19 18:06:49.486 [info] > git status -z -uall [3ms]
2023-09-19 18:06:54.507 [info] > git config --get commit.template [5ms]
2023-09-19 18:06:54.510 [info] > git for-each-ref --format=%(refname)%00%(upstream:short)%00%(objectname)%00%(upstream:track)%00%(upstream:remotename)%00%(upstream:remoteref) refs/heads/main refs/remotes/main [3ms]
2023-09-19 18:06:54.519 [info] > git status -z -uall [3ms]
2023-09-19 18:06:59.551 [info] > git config --get commit.template [8ms]
2023-09-19 18:06:59.554 [info] > git for-each-ref --format=%(refname)%00%(upstream:short)%00%(objectname)%00%(upstream:track)%00%(upstream:remotename)%00%(upstream:remoteref) refs/heads/main refs/remotes/main [4ms]
2023-09-19 18:06:59.564 [info] > git status -z -uall [4ms]
2023-09-19 18:07:04.587 [info] > git config --get commit.template [5ms]
2023-09-19 18:07:04.589 [info] > git for-each-ref --format=%(refname)%00%(upstream:short)%00%(objectname)%00%(upstream:track)%00%(upstream:remotename)%00%(upstream:remoteref) refs/heads/main refs/remotes/main [3ms]
2023-09-19 18:07:04.598 [info] > git status -z -uall [4ms]
2023-09-19 18:07:09.619 [info] > git config --get commit.template [5ms]
2023-09-19 18:07:09.623 [info] > git for-each-ref --format=%(refname)%00%(upstream:short)%00%(objectname)%00%(upstream:track)%00%(upstream:remotename)%00%(upstream:remoteref) refs/heads/main refs/remotes/main [5ms]
2023-09-19 18:07:09.631 [info] > git status -z -uall [3ms]
2023-09-19 18:07:14.657 [info] > git config --get commit.template [6ms]
2023-09-19 18:07:14.659 [info] > git for-each-ref --format=%(refname)%00%(upstream:short)%00%(objectname)%00%(upstream:track)%00%(upstream:remotename)%00%(upstream:remoteref) refs/heads/main refs/remotes/main [2ms]
2023-09-19 18:07:14.668 [info] > git status -z -uall [3ms]
2023-09-19 18:07:19.701 [info] > git config --get commit.template [6ms]
2023-09-19 18:07:19.703 [info] > git for-each-ref --format=%(refname)%00%(upstream:short)%00%(objectname)%00%(upstream:track)%00%(upstream:remotename)%00%(upstream:remoteref) refs/heads/main refs/remotes/main [3ms]
2023-09-19 18:07:19.711 [info] > git status -z -uall [4ms]
2023-09-19 18:07:24.739 [info] > git config --get commit.template [5ms]
2023-09-19 18:07:24.743 [info] > git for-each-ref --format=%(refname)%00%(upstream:short)%00%(objectname)%00%(upstream:track)%00%(upstream:remotename)%00%(upstream:remoteref) refs/heads/main refs/remotes/main [5ms]
2023-09-19 18:07:24.751 [info] > git status -z -uall [3ms]
2023-09-19 18:07:29.773 [info] > git config --get commit.template [5ms]
2023-09-19 18:07:29.777 [info] > git for-each-ref --format=%(refname)%00%(upstream:short)%00%(objectname)%00%(upstream:track)%00%(upstream:remotename)%00%(upstream:remoteref) refs/heads/main refs/remotes/main [4ms]
2023-09-19 18:07:29.787 [info] > git status -z -uall [4ms]
2023-09-19 18:07:34.812 [info] > git config --get commit.template [5ms]
2023-09-19 18:07:34.815 [info] > git for-each-ref --format=%(refname)%00%(upstream:short)%00%(objectname)%00%(upstream:track)%00%(upstream:remotename)%00%(upstream:remoteref) refs/heads/main refs/remotes/main [4ms]
2023-09-19 18:07:34.823 [info] > git status -z -uall [3ms]
2023-09-19 18:07:39.844 [info] > git config --get commit.template [5ms]
2023-09-19 18:07:39.848 [info] > git for-each-ref --format=%(refname)%00%(upstream:short)%00%(objectname)%00%(upstream:track)%00%(upstream:remotename)%00%(upstream:remoteref) refs/heads/main refs/remotes/main [4ms]
2023-09-19 18:07:39.857 [info] > git status -z -uall [4ms]
2023-09-19 18:07:44.876 [info] > git config --get commit.template [6ms]
2023-09-19 18:07:44.879 [info] > git for-each-ref --format=%(refname)%00%(upstream:short)%00%(objectname)%00%(upstream:track)%00%(upstream:remotename)%00%(upstream:remoteref) refs/heads/main refs/remotes/main [3ms]
2023-09-19 18:07:44.889 [info] > git status -z -uall [4ms]
2023-09-19 18:07:49.912 [info] > git config --get commit.template [5ms]
2023-09-19 18:07:49.915 [info] > git for-each-ref --format=%(refname)%00%(upstream:short)%00%(objectname)%00%(upstream:track)%00%(upstream:remotename)%00%(upstream:remoteref) refs/heads/main refs/remotes/main [4ms]
2023-09-19 18:07:49.924 [info] > git status -z -uall [4ms]
2023-09-19 18:07:54.948 [info] > git config --get commit.template [6ms]
2023-09-19 18:07:54.950 [info] > git for-each-ref --format=%(refname)%00%(upstream:short)%00%(objectname)%00%(upstream:track)%00%(upstream:remotename)%00%(upstream:remoteref) refs/heads/main refs/remotes/main [3ms]
2023-09-19 18:07:54.959 [info] > git status -z -uall [3ms]
2023-09-19 18:07:59.987 [info] > git config --get commit.template [7ms]
2023-09-19 18:07:59.991 [info] > git for-each-ref --format=%(refname)%00%(upstream:short)%00%(objectname)%00%(upstream:track)%00%(upstream:remotename)%00%(upstream:remoteref) refs/heads/main refs/remotes/main [5ms]
2023-09-19 18:08:00.009 [info] > git status -z -uall [12ms]
2023-09-19 18:08:05.031 [info] > git config --get commit.template [6ms]
2023-09-19 18:08:05.035 [info] > git for-each-ref --format=%(refname)%00%(upstream:short)%00%(objectname)%00%(upstream:track)%00%(upstream:remotename)%00%(upstream:remoteref) refs/heads/main refs/remotes/main [4ms]
2023-09-19 18:08:05.044 [info] > git status -z -uall [4ms]
2023-09-19 18:08:10.072 [info] > git config --get commit.template [9ms]
2023-09-19 18:08:10.077 [info] > git for-each-ref --format=%(refname)%00%(upstream:short)%00%(objectname)%00%(upstream:track)%00%(upstream:remotename)%00%(upstream:remoteref) refs/heads/main refs/remotes/main [5ms]
2023-09-19 18:08:10.087 [info] > git status -z -uall [4ms]
2023-09-19 18:08:15.125 [info] > git config --get commit.template [8ms]
2023-09-19 18:08:15.128 [info] > git for-each-ref --format=%(refname)%00%(upstream:short)%00%(objectname)%00%(upstream:track)%00%(upstream:remotename)%00%(upstream:remoteref) refs/heads/main refs/remotes/main [4ms]
2023-09-19 18:08:15.140 [info] > git status -z -uall [4ms]
2023-09-19 18:08:20.168 [info] > git config --get commit.template [8ms]
2023-09-19 18:08:20.171 [info] > git for-each-ref --format=%(refname)%00%(upstream:short)%00%(objectname)%00%(upstream:track)%00%(upstream:remotename)%00%(upstream:remoteref) refs/heads/main refs/remotes/main [6ms]
2023-09-19 18:08:20.186 [info] > git status -z -uall [6ms]
2023-09-19 18:08:25.212 [info] > git config --get commit.template [6ms]
2023-09-19 18:08:25.215 [info] > git for-each-ref --format=%(refname)%00%(upstream:short)%00%(objectname)%00%(upstream:track)%00%(upstream:remotename)%00%(upstream:remoteref) refs/heads/main refs/remotes/main [3ms]
2023-09-19 18:08:25.224 [info] > git status -z -uall [4ms]
2023-09-19 18:08:30.251 [info] > git config --get commit.template [7ms]
2023-09-19 18:08:30.254 [info] > git for-each-ref --format=%(refname)%00%(upstream:short)%00%(objectname)%00%(upstream:track)%00%(upstream:remotename)%00%(upstream:remoteref) refs/heads/main refs/remotes/main [4ms]
2023-09-19 18:08:30.265 [info] > git status -z -uall [5ms]
2023-09-19 18:08:35.289 [info] > git config --get commit.template [1ms]
2023-09-19 18:08:35.303 [info] > git for-each-ref --format=%(refname)%00%(upstream:short)%00%(objectname)%00%(upstream:track)%00%(upstream:remotename)%00%(upstream:remoteref) refs/heads/main refs/remotes/main [4ms]
2023-09-19 18:08:35.315 [info] > git status -z -uall [5ms]
2023-09-19 18:08:40.338 [info] > git config --get commit.template [8ms]
2023-09-19 18:08:40.342 [info] > git for-each-ref --format=%(refname)%00%(upstream:short)%00%(objectname)%00%(upstream:track)%00%(upstream:remotename)%00%(upstream:remoteref) refs/heads/main refs/remotes/main [4ms]
2023-09-19 18:08:40.353 [info] > git status -z -uall [4ms]
2023-09-19 18:08:45.387 [info] > git config --get commit.template [11ms]
2023-09-19 18:08:45.391 [info] > git for-each-ref --format=%(refname)%00%(upstream:short)%00%(objectname)%00%(upstream:track)%00%(upstream:remotename)%00%(upstream:remoteref) refs/heads/main refs/remotes/main [5ms]
2023-09-19 18:08:45.403 [info] > git status -z -uall [5ms]
2023-09-19 18:08:50.439 [info] > git config --get commit.template [8ms]
2023-09-19 18:08:50.442 [info] > git for-each-ref --format=%(refname)%00%(upstream:short)%00%(objectname)%00%(upstream:track)%00%(upstream:remotename)%00%(upstream:remoteref) refs/heads/main refs/remotes/main [4ms]
2023-09-19 18:08:50.453 [info] > git status -z -uall [4ms]
2023-09-19 18:08:55.479 [info] > git config --get commit.template [8ms]
2023-09-19 18:08:55.482 [info] > git for-each-ref --format=%(refname)%00%(upstream:short)%00%(objectname)%00%(upstream:track)%00%(upstream:remotename)%00%(upstream:remoteref) refs/heads/main refs/remotes/main [4ms]
2023-09-19 18:08:55.494 [info] > git status -z -uall [4ms]
2023-09-19 18:09:00.518 [info] > git config --get commit.template [5ms]
2023-09-19 18:09:00.522 [info] > git for-each-ref --format=%(refname)%00%(upstream:short)%00%(objectname)%00%(upstream:track)%00%(upstream:remotename)%00%(upstream:remoteref) refs/heads/main refs/remotes/main [5ms]
2023-09-19 18:09:00.531 [info] > git status -z -uall [4ms]
2023-09-19 18:09:05.551 [info] > git config --get commit.template [5ms]
2023-09-19 18:09:05.554 [info] > git for-each-ref --format=%(refname)%00%(upstream:short)%00%(objectname)%00%(upstream:track)%00%(upstream:remotename)%00%(upstream:remoteref) refs/heads/main refs/remotes/main [3ms]
2023-09-19 18:09:05.565 [info] > git status -z -uall [4ms]
2023-09-19 18:09:10.591 [info] > git for-each-ref --format=%(refname)%00%(upstream:short)%00%(objectname)%00%(upstream:track)%00%(upstream:remotename)%00%(upstream:remoteref) refs/heads/main refs/remotes/main [1ms]
2023-09-19 18:09:10.592 [info] > git config --get commit.template [11ms]
2023-09-19 18:09:10.603 [info] > git status -z -uall [5ms]
2023-09-19 18:09:15.634 [info] > git config --get commit.template [9ms]
2023-09-19 18:09:15.639 [info] > git for-each-ref --format=%(refname)%00%(upstream:short)%00%(objectname)%00%(upstream:track)%00%(upstream:remotename)%00%(upstream:remoteref) refs/heads/main refs/remotes/main [6ms]
2023-09-19 18:09:15.653 [info] > git status -z -uall [6ms]
2023-09-19 18:09:20.677 [info] > git config --get commit.template [8ms]
2023-09-19 18:09:20.684 [info] > git for-each-ref --format=%(refname)%00%(upstream:short)%00%(objectname)%00%(upstream:track)%00%(upstream:remotename)%00%(upstream:remoteref) refs/heads/main refs/remotes/main [6ms]
2023-09-19 18:09:20.693 [info] > git status -z -uall [4ms]
2023-09-19 18:09:25.727 [info] > git config --get commit.template [7ms]
2023-09-19 18:09:25.729 [info] > git for-each-ref --format=%(refname)%00%(upstream:short)%00%(objectname)%00%(upstream:track)%00%(upstream:remotename)%00%(upstream:remoteref) refs/heads/main refs/remotes/main [3ms]
2023-09-19 18:09:25.739 [info] > git status -z -uall [4ms]
