2023-09-19 17:26:49.499 [info] Reading sessions from keychain...
2023-09-19 17:26:49.499 [info] Getting sessions for all scopes...
2023-09-19 17:26:49.556 [info] Got 0 sessions for ...
2023-09-19 17:26:49.556 [info] Getting sessions for user:email...
2023-09-19 17:26:49.556 [info] Got 0 sessions for user:email...
2023-09-19 17:26:50.131 [info] Getting sessions for all scopes...
2023-09-19 17:26:50.131 [info] Got 0 sessions for ...
2023-09-19 17:26:50.279 [info] Getting sessions for all scopes...
2023-09-19 17:26:50.279 [info] Got 0 sessions for ...
2023-09-19 17:27:10.339 [info] Reading sessions from keychain...
2023-09-19 17:27:10.339 [info] Getting sessions for all scopes...
2023-09-19 17:27:10.339 [info] Getting sessions for user:email...
2023-09-19 17:27:10.612 [info] Got 0 sessions for ...
2023-09-19 17:27:10.612 [info] Got 0 sessions for user:email...
2023-09-19 17:27:10.612 [info] Getting sessions for all scopes...
2023-09-19 17:27:10.612 [info] Got 0 sessions for ...
2023-09-19 17:27:12.172 [info] Getting sessions for all scopes...
2023-09-19 17:27:12.172 [info] Got 0 sessions for ...
2023-09-19 17:27:13.703 [info] Getting sessions for read:user,repo,user:email,workflow...
2023-09-19 17:27:13.703 [info] Got 0 sessions for read:user,repo,user:email,workflow...
