2023-09-19 17:26:45.761 [info] Added views:workbench.panel.markers.view in workbench.panel.markers
2023-09-19 17:26:45.772 [info] Added views:workbench.panel.output in workbench.panel.output
2023-09-19 17:26:45.772 [info] Added views:terminal in terminal
2023-09-19 17:26:45.772 [info] Added views:outline in workbench.view.explorer
2023-09-19 17:26:45.772 [info] Added views:workbench.scm in workbench.view.scm
2023-09-19 17:26:45.772 [info] Added views:workbench.view.search in workbench.view.search
2023-09-19 17:26:45.772 [info] Added views:timeline in workbench.view.explorer
2023-09-19 17:26:45.772 [info] Added views:workbench.explorer.emptyView in workbench.view.explorer
2023-09-19 17:26:46.569 [info] Added views:workbench.debug.variablesView,workbench.debug.watchExpressionsView,workbench.debug.callStackView,workbench.debug.breakPointsView in workbench.view.debug
2023-09-19 17:26:48.330 [info] Added views:vscode-edge-devtools-view.targets,vscode-edge-devtools-view.help-links in workbench.view.extension.vscode-edge-devtools-view
2023-09-19 17:26:48.434 [info] Added views:~remote.forwardedPorts in ~remote.forwardedPortsContainer
2023-09-19 17:26:48.969 [info] Added views:workbench.panel.repl.view in workbench.panel.repl
2023-09-19 17:26:48.979 [info] Removed views:workbench.debug.breakPointsView,workbench.debug.callStackView,workbench.debug.watchExpressionsView,workbench.debug.variablesView from workbench.view.debug
2023-09-19 17:26:48.979 [info] Added views:workbench.debug.welcome in workbench.view.debug
2023-09-19 17:27:08.227 [info] Added views:workbench.panel.markers.view in workbench.panel.markers
2023-09-19 17:27:08.227 [info] Added views:workbench.panel.output in workbench.panel.output
2023-09-19 17:27:08.227 [info] Added views:terminal in terminal
2023-09-19 17:27:08.227 [info] Added views:outline in workbench.view.explorer
2023-09-19 17:27:08.227 [info] Added views:workbench.scm in workbench.view.scm
2023-09-19 17:27:08.227 [info] Added views:workbench.view.search in workbench.view.search
2023-09-19 17:27:08.227 [info] Added views:timeline in workbench.view.explorer
2023-09-19 17:27:08.227 [info] Added views:workbench.explorer.fileView in workbench.view.explorer
2023-09-19 17:27:08.870 [info] Added views:vscode-edge-devtools-view.targets,vscode-edge-devtools-view.help-links in workbench.view.extension.vscode-edge-devtools-view
2023-09-19 17:27:09.159 [info] Added views:workbench.debug.variablesView,workbench.debug.watchExpressionsView,workbench.debug.callStackView,workbench.debug.breakPointsView in workbench.view.debug
2023-09-19 17:27:09.272 [info] Added views:workbench.panel.repl.view in workbench.panel.repl
2023-09-19 17:27:09.273 [info] Removed views:workbench.debug.breakPointsView,workbench.debug.callStackView,workbench.debug.watchExpressionsView,workbench.debug.variablesView from workbench.view.debug
2023-09-19 17:27:09.273 [info] Added views:workbench.debug.welcome in workbench.view.debug
2023-09-19 17:27:09.839 [info] Added views:~remote.forwardedPorts in ~remote.forwardedPortsContainer
